#
# There is insufficient memory for the Java Runtime Environment to continue.
# Native memory allocation (malloc) failed to allocate 1675648 bytes for Chunk::new
# Possible reasons:
#   The system is out of physical RAM or swap space
#   The process is running with CompressedOops enabled, and the Java Heap may be blocking the growth of the native heap
# Possible solutions:
#   Reduce memory load on the system
#   Increase physical memory or swap space
#   Check if swap backing store is full
#   Decrease Java heap size (-Xmx/-Xms)
#   Decrease number of Java threads
#   Decrease Java thread stack sizes (-Xss)
#   Set larger code cache with -XX:ReservedCodeCacheSize=
#   JVM is running with Unscaled Compressed Oops mode in which the Java heap is
#     placed in the first 4GB address space. The Java Heap base address is the
#     maximum limit for the native heap growth. Please use -XX:HeapBaseMinAddress
#     to set the Java Heap base and to place the Java Heap above 4GB virtual address.
# This output file may be truncated or incomplete.
#
#  Out of Memory Error (allocation.cpp:389), pid=11252, tid=0x000000000000357c
#
# JRE version: Java(TM) SE Runtime Environment (8.0_231-b11) (build 1.8.0_231-b11)
# Java VM: Java HotSpot(TM) 64-Bit Server VM (25.231-b11 mixed mode windows-amd64 compressed oops)
# Failed to write core dump. Minidumps are not enabled by default on client versions of Windows
#

---------------  T H R E A D  ---------------

Current thread (0x000000001a08a000):  JavaThread "C2 CompilerThread1" daemon [_thread_in_native, id=13692, stack(0x000000001aa60000,0x000000001ab60000)]

Stack: [0x000000001aa60000,0x000000001ab60000]
[error occurred during error reporting (printing stack bounds), id 0xc0000005]

Native frames: (J=compiled Java code, j=interpreted, Vv=VM code, C=native code)


Current CompileTask:
C2:   1342 1550       4       java.net.URLClassLoader$1::run (5 bytes)


---------------  P R O C E S S  ---------------

Java Threads: ( => current thread )
  0x000000001a0b4800 JavaThread "Service Thread" daemon [_thread_blocked, id=15488, stack(0x000000001ad60000,0x000000001ae60000)]
  0x000000001a09d800 JavaThread "C1 CompilerThread3" daemon [_thread_blocked, id=12508, stack(0x000000001ac60000,0x000000001ad60000)]
  0x000000001a08d000 JavaThread "C2 CompilerThread2" daemon [_thread_blocked, id=18172, stack(0x000000001ab60000,0x000000001ac60000)]
=>0x000000001a08a000 JavaThread "C2 CompilerThread1" daemon [_thread_in_native, id=13692, stack(0x000000001aa60000,0x000000001ab60000)]
  0x000000001a087000 JavaThread "C2 CompilerThread0" daemon [_thread_blocked, id=13724, stack(0x000000001a960000,0x000000001aa60000)]
  0x000000001a086000 JavaThread "Attach Listener" daemon [_thread_blocked, id=11084, stack(0x000000001a860000,0x000000001a960000)]
  0x000000001a096000 JavaThread "Signal Dispatcher" daemon [_thread_blocked, id=2888, stack(0x000000001a760000,0x000000001a860000)]
  0x000000001a080800 JavaThread "Finalizer" daemon [_thread_blocked, id=15820, stack(0x000000001a560000,0x000000001a660000)]
  0x000000001823c800 JavaThread "Reference Handler" daemon [_thread_blocked, id=4452, stack(0x000000001a460000,0x000000001a560000)]
  0x00000000031d2800 JavaThread "main" [_thread_in_native, id=11768, stack(0x0000000002fe0000,0x00000000030e0000)]

Other Threads:
  0x0000000018238800 VMThread [stack: 0x0000000019f60000,0x000000001a060000] [id=7104]
  0x000000001a0b7800 WatcherThread [stack: 0x000000001ae60000,0x000000001af60000] [id=15472]

VM state:not at safepoint (normal execution)

VM Mutex/Monitor currently owned by a thread: None

heap address: 0x0000000081e00000, size: 2018 MB, Compressed Oops mode: 32-bit
Narrow klass base: 0x0000000000000000, Narrow klass shift: 3
Compressed class space size: 1073741824 Address: 0x0000000100000000

Heap:
 PSYoungGen      total 38400K, used 28479K [0x00000000d5f80000, 0x00000000daa80000, 0x0000000100000000)
  eden space 33280K, 70% used [0x00000000d5f80000,0x00000000d764ff90,0x00000000d8000000)
  from space 5120K, 99% used [0x00000000d8500000,0x00000000d89fffb8,0x00000000d8a00000)
  to   space 5120K, 0% used [0x00000000d8000000,0x00000000d8000000,0x00000000d8500000)
 ParOldGen       total 87552K, used 1975K [0x0000000081e00000, 0x0000000087380000, 0x00000000d5f80000)
  object space 87552K, 2% used [0x0000000081e00000,0x0000000081fedf00,0x0000000087380000)
 Metaspace       used 14919K, capacity 15184K, committed 15360K, reserved 1062912K
  class space    used 1827K, capacity 1936K, committed 2048K, reserved 1048576K

Card table byte_map: [0x0000000012690000,0x0000000012a90000] byte_map_base: 0x0000000012281000

Marking Bits: (ParMarkBitMap*) 0x00000000514b6d90
 Begin Bits: [0x0000000013540000, 0x00000000154c8000)
 End Bits:   [0x00000000154c8000, 0x0000000017450000)

Polling page: 0x0000000001210000

CodeCache: size=245760Kb used=5571Kb max_used=5591Kb free=240189Kb
 bounds [0x00000000032d0000, 0x0000000003850000, 0x00000000122d0000]
 total_blobs=1947 nmethods=1588 adapters=271
 compilation: enabled

Compilation events (10 events):
Event: 1.223 Thread 0x000000001a08d000 nmethod 1573 0x0000000003840d10 code [0x0000000003840f40, 0x0000000003841b08]
Event: 1.223 Thread 0x000000001a08d000 1569       4       org.codehaus.plexus.util.xml.pull.MXParser::isWhitespace (116 bytes)
Event: 1.224 Thread 0x000000001a08d000 nmethod 1569 0x000000000383dad0 code [0x000000000383dc20, 0x000000000383ddd8]
Event: 1.224 Thread 0x000000001a08d000 1568       4       org.codehaus.plexus.util.xml.pull.MXParser::getName (84 bytes)
Event: 1.225 Thread 0x000000001a08d000 nmethod 1568 0x000000000383d810 code [0x000000000383d940, 0x000000000383d9f8]
Event: 1.225 Thread 0x000000001a08d000 1574       4       org.codehaus.plexus.util.xml.pull.MXParser::next (10 bytes)
Event: 1.225 Thread 0x000000001a08d000 nmethod 1574 0x000000000383d510 code [0x000000000383d660, 0x000000000383d6e8]
Event: 1.225 Thread 0x000000001a08d000 1589       4       java.lang.String::indexOf (25 bytes)
Event: 1.229 Thread 0x000000001a08d000 nmethod 1589 0x000000000383ef50 code [0x000000000383f0a0, 0x000000000383f4d8]
Event: 1.243 Thread 0x000000001a087000 nmethod 1558 0x0000000003847e90 code [0x0000000003848120, 0x000000000384a480]

GC Heap History (4 events):
Event: 0.496 GC heap before
{Heap before GC invocations=1 (full 0):
 PSYoungGen      total 38400K, used 33280K [0x00000000d5f80000, 0x00000000d8a00000, 0x0000000100000000)
  eden space 33280K, 100% used [0x00000000d5f80000,0x00000000d8000000,0x00000000d8000000)
  from space 5120K, 0% used [0x00000000d8500000,0x00000000d8500000,0x00000000d8a00000)
  to   space 5120K, 0% used [0x00000000d8000000,0x00000000d8000000,0x00000000d8500000)
 ParOldGen       total 87552K, used 0K [0x0000000081e00000, 0x0000000087380000, 0x00000000d5f80000)
  object space 87552K, 0% used [0x0000000081e00000,0x0000000081e00000,0x0000000087380000)
 Metaspace       used 8195K, capacity 8348K, committed 8576K, reserved 1056768K
  class space    used 995K, capacity 1080K, committed 1152K, reserved 1048576K
Event: 0.500 GC heap after
Heap after GC invocations=1 (full 0):
 PSYoungGen      total 38400K, used 5100K [0x00000000d5f80000, 0x00000000d8a00000, 0x0000000100000000)
  eden space 33280K, 0% used [0x00000000d5f80000,0x00000000d5f80000,0x00000000d8000000)
  from space 5120K, 99% used [0x00000000d8000000,0x00000000d84fb180,0x00000000d8500000)
  to   space 5120K, 0% used [0x00000000d8500000,0x00000000d8500000,0x00000000d8a00000)
 ParOldGen       total 87552K, used 219K [0x0000000081e00000, 0x0000000087380000, 0x00000000d5f80000)
  object space 87552K, 0% used [0x0000000081e00000,0x0000000081e36d78,0x0000000087380000)
 Metaspace       used 8195K, capacity 8348K, committed 8576K, reserved 1056768K
  class space    used 995K, capacity 1080K, committed 1152K, reserved 1048576K
}
Event: 0.762 GC heap before
{Heap before GC invocations=2 (full 0):
 PSYoungGen      total 38400K, used 38380K [0x00000000d5f80000, 0x00000000d8a00000, 0x0000000100000000)
  eden space 33280K, 100% used [0x00000000d5f80000,0x00000000d8000000,0x00000000d8000000)
  from space 5120K, 99% used [0x00000000d8000000,0x00000000d84fb180,0x00000000d8500000)
  to   space 5120K, 0% used [0x00000000d8500000,0x00000000d8500000,0x00000000d8a00000)
 ParOldGen       total 87552K, used 219K [0x0000000081e00000, 0x0000000087380000, 0x00000000d5f80000)
  object space 87552K, 0% used [0x0000000081e00000,0x0000000081e36d78,0x0000000087380000)
 Metaspace       used 11533K, capacity 11694K, committed 11776K, reserved 1058816K
  class space    used 1432K, capacity 1509K, committed 1536K, reserved 1048576K
Event: 0.767 GC heap after
Heap after GC invocations=2 (full 0):
 PSYoungGen      total 38400K, used 5119K [0x00000000d5f80000, 0x00000000daa80000, 0x0000000100000000)
  eden space 33280K, 0% used [0x00000000d5f80000,0x00000000d5f80000,0x00000000d8000000)
  from space 5120K, 99% used [0x00000000d8500000,0x00000000d89fffb8,0x00000000d8a00000)
  to   space 5120K, 0% used [0x00000000d8000000,0x00000000d8000000,0x00000000d8500000)
 ParOldGen       total 87552K, used 1975K [0x0000000081e00000, 0x0000000087380000, 0x00000000d5f80000)
  object space 87552K, 2% used [0x0000000081e00000,0x0000000081fedf00,0x0000000087380000)
 Metaspace       used 11533K, capacity 11694K, committed 11776K, reserved 1058816K
  class space    used 1432K, capacity 1509K, committed 1536K, reserved 1048576K
}

Deoptimization events (10 events):
Event: 1.045 Thread 0x00000000031d2800 Uncommon trap: reason=predicate action=maybe_recompile pc=0x0000000003615704 method=java.lang.String.regionMatches(ZILjava/lang/String;II)Z @ 63
Event: 1.159 Thread 0x00000000031d2800 Uncommon trap: reason=bimorphic action=maybe_recompile pc=0x00000000037e5338 method=java.util.regex.Pattern$CharProperty.match(Ljava/util/regex/Matcher;ILjava/lang/CharSequence;)Z @ 37
Event: 1.159 Thread 0x00000000031d2800 Uncommon trap: reason=bimorphic action=maybe_recompile pc=0x00000000037e5338 method=java.util.regex.Pattern$CharProperty.match(Ljava/util/regex/Matcher;ILjava/lang/CharSequence;)Z @ 37
Event: 1.199 Thread 0x00000000031d2800 Uncommon trap: reason=bimorphic action=maybe_recompile pc=0x00000000037e5338 method=java.util.regex.Pattern$CharProperty.match(Ljava/util/regex/Matcher;ILjava/lang/CharSequence;)Z @ 37
Event: 1.199 Thread 0x00000000031d2800 Uncommon trap: reason=bimorphic action=maybe_recompile pc=0x00000000037e5338 method=java.util.regex.Pattern$CharProperty.match(Ljava/util/regex/Matcher;ILjava/lang/CharSequence;)Z @ 37
Event: 1.200 Thread 0x00000000031d2800 Uncommon trap: reason=unstable_if action=reinterpret pc=0x00000000035cc444 method=sun.nio.cs.UTF_8$Decoder.decode([BII[C)I @ 30
Event: 1.200 Thread 0x00000000031d2800 Uncommon trap: reason=unstable_if action=reinterpret pc=0x00000000035774d4 method=sun.nio.cs.UTF_8$Decoder.decodeArrayLoop(Ljava/nio/ByteBuffer;Ljava/nio/CharBuffer;)Ljava/nio/charset/CoderResult; @ 84
Event: 1.207 Thread 0x00000000031d2800 Uncommon trap: reason=bimorphic action=maybe_recompile pc=0x0000000003658f70 method=java.util.HashMap.putVal(ILjava/lang/Object;Ljava/lang/Object;ZZ)Ljava/lang/Object; @ 203
Event: 1.207 Thread 0x00000000031d2800 Uncommon trap: reason=bimorphic action=maybe_recompile pc=0x0000000003658f70 method=java.util.HashMap.putVal(ILjava/lang/Object;Ljava/lang/Object;ZZ)Ljava/lang/Object; @ 203
Event: 1.208 Thread 0x00000000031d2800 Uncommon trap: reason=bimorphic action=maybe_recompile pc=0x0000000003658f70 method=java.util.HashMap.putVal(ILjava/lang/Object;Ljava/lang/Object;ZZ)Ljava/lang/Object; @ 203

Classes redefined (0 events):
No events

Internal exceptions (10 events):
Event: 0.506 Thread 0x00000000031d2800 Exception <a 'java/lang/ArrayIndexOutOfBoundsException': 66> (0x00000000d601bf70) thrown at [C:\re\workspace\8-2-build-windows-amd64-cygwin\jdk8u231\13620\hotspot\src\share\vm\interpreter\interpreterRuntime.cpp, line 368]
Event: 0.871 Thread 0x00000000031d2800 Exception <a 'java/lang/NoClassDefFoundError': com/google/inject/servlet/ServletModuleTargetVisitor> (0x00000000d68f4e00) thrown at [C:\re\workspace\8-2-build-windows-amd64-cygwin\jdk8u231\13620\hotspot\src\share\vm\classfile\systemDictionary.cpp, line 19
Event: 0.871 Thread 0x00000000031d2800 Exception <a 'java/lang/NoClassDefFoundError'> (0x00000000d68f4e00) thrown at [C:\re\workspace\8-2-build-windows-amd64-cygwin\jdk8u231\13620\hotspot\src\share\vm\prims\jvm.cpp, line 1506]
Event: 0.871 Thread 0x00000000031d2800 Exception <a 'java/lang/NoClassDefFoundError': javax/annotation/Priority> (0x00000000d68f9fe8) thrown at [C:\re\workspace\8-2-build-windows-amd64-cygwin\jdk8u231\13620\hotspot\src\share\vm\classfile\systemDictionary.cpp, line 199]
Event: 0.972 Thread 0x00000000031d2800 Exception <a 'java/lang/NullPointerException'> (0x00000000d6f08e38) thrown at [C:\re\workspace\8-2-build-windows-amd64-cygwin\jdk8u231\13620\hotspot\src\share\vm\interpreter\linkResolver.cpp, line 1185]
Event: 0.972 Thread 0x00000000031d2800 Exception <a 'java/lang/NullPointerException'> (0x00000000d6f09050) thrown at [C:\re\workspace\8-2-build-windows-amd64-cygwin\jdk8u231\13620\hotspot\src\share\vm\interpreter\linkResolver.cpp, line 1185]
Event: 0.972 Thread 0x00000000031d2800 Exception <a 'java/lang/NullPointerException'> (0x00000000d6f09268) thrown at [C:\re\workspace\8-2-build-windows-amd64-cygwin\jdk8u231\13620\hotspot\src\share\vm\interpreter\linkResolver.cpp, line 1185]
Event: 0.972 Thread 0x00000000031d2800 Exception <a 'java/lang/NullPointerException'> (0x00000000d6f11a60) thrown at [C:\re\workspace\8-2-build-windows-amd64-cygwin\jdk8u231\13620\hotspot\src\share\vm\interpreter\linkResolver.cpp, line 1185]
Event: 0.972 Thread 0x00000000031d2800 Exception <a 'java/lang/NullPointerException'> (0x00000000d6f11c78) thrown at [C:\re\workspace\8-2-build-windows-amd64-cygwin\jdk8u231\13620\hotspot\src\share\vm\interpreter\linkResolver.cpp, line 1185]
Event: 0.972 Thread 0x00000000031d2800 Exception <a 'java/lang/NullPointerException'> (0x00000000d6f11e90) thrown at [C:\re\workspace\8-2-build-windows-amd64-cygwin\jdk8u231\13620\hotspot\src\share\vm\interpreter\linkResolver.cpp, line 1185]

Events (10 events):
Event: 1.207 Thread 0x00000000031d2800 Uncommon trap: trap_request=0xffffffc6 fr.pc=0x0000000003658f70
Event: 1.207 Thread 0x00000000031d2800 DEOPT PACKING pc=0x0000000003658f70 sp=0x00000000030dd480
Event: 1.207 Thread 0x00000000031d2800 DEOPT UNPACKING pc=0x000000000331583b sp=0x00000000030dd428 mode 2
Event: 1.208 Thread 0x00000000031d2800 Uncommon trap: trap_request=0xffffffc6 fr.pc=0x0000000003658f70
Event: 1.208 Thread 0x00000000031d2800 DEOPT PACKING pc=0x0000000003658f70 sp=0x00000000030dd480
Event: 1.208 Thread 0x00000000031d2800 DEOPT UNPACKING pc=0x000000000331583b sp=0x00000000030dd428 mode 2
Event: 1.211 loading class org/apache/maven/repository/internal/ArtifactDescriptorReaderDelegate
Event: 1.211 loading class org/apache/maven/repository/internal/ArtifactDescriptorReaderDelegate done
Event: 1.212 loading class org/eclipse/aether/graph/Dependency$Exclusions
Event: 1.212 loading class org/eclipse/aether/graph/Dependency$Exclusions done


Dynamic libraries:
0x00007ff628ab0000 - 0x00007ff628ae7000 	C:\Program Files\Java\jdk1.8.0_231\bin\java.exe
0x00007fff8ae60000 - 0x00007fff8b050000 	C:\WINDOWS\SYSTEM32\ntdll.dll
0x00007fff89d00000 - 0x00007fff89db2000 	C:\WINDOWS\System32\KERNEL32.DLL
0x00007fff88a20000 - 0x00007fff88cc3000 	C:\WINDOWS\System32\KERNELBASE.dll
0x00007fff8a680000 - 0x00007fff8a723000 	C:\WINDOWS\System32\ADVAPI32.dll
0x00007fff89160000 - 0x00007fff891fe000 	C:\WINDOWS\System32\msvcrt.dll
0x00007fff88f10000 - 0x00007fff88fa7000 	C:\WINDOWS\System32\sechost.dll
0x00007fff89470000 - 0x00007fff89590000 	C:\WINDOWS\System32\RPCRT4.dll
0x00007fff89630000 - 0x00007fff897c4000 	C:\WINDOWS\System32\USER32.dll
0x00007fff88e30000 - 0x00007fff88e51000 	C:\WINDOWS\System32\win32u.dll
0x00007fff89b70000 - 0x00007fff89b96000 	C:\WINDOWS\System32\GDI32.dll
0x00007fff88880000 - 0x00007fff88a14000 	C:\WINDOWS\System32\gdi32full.dll
0x00007fff887b0000 - 0x00007fff8884e000 	C:\WINDOWS\System32\msvcp_win.dll
0x00007fff88d30000 - 0x00007fff88e2a000 	C:\WINDOWS\System32\ucrtbase.dll
0x00007fff7aa20000 - 0x00007fff7aca5000 	C:\WINDOWS\WinSxS\amd64_microsoft.windows.common-controls_6595b64144ccf1df_6.0.18362.476_none_e6c4b11b130f2595\COMCTL32.dll
0x00007fff8a2c0000 - 0x00007fff8a5f6000 	C:\WINDOWS\System32\combase.dll
0x00007fff87df0000 - 0x00007fff87e70000 	C:\WINDOWS\System32\bcryptPrimitives.dll
0x00007fff895f0000 - 0x00007fff8961e000 	C:\WINDOWS\System32\IMM32.DLL
0x0000000051540000 - 0x0000000051612000 	C:\Program Files\Java\jdk1.8.0_231\jre\bin\msvcr100.dll
0x0000000050c90000 - 0x0000000051536000 	C:\Program Files\Java\jdk1.8.0_231\jre\bin\server\jvm.dll
0x00007fff897d0000 - 0x00007fff897d8000 	C:\WINDOWS\System32\PSAPI.DLL
0x00007fff82430000 - 0x00007fff8243a000 	C:\WINDOWS\SYSTEM32\VERSION.dll
0x00007fff85600000 - 0x00007fff85609000 	C:\WINDOWS\SYSTEM32\WSOCK32.dll
0x00007fff85550000 - 0x00007fff85574000 	C:\WINDOWS\SYSTEM32\WINMM.dll
0x00007fff89a50000 - 0x00007fff89abf000 	C:\WINDOWS\System32\WS2_32.dll
0x00007fff85520000 - 0x00007fff8554d000 	C:\WINDOWS\SYSTEM32\WINMMBASE.dll
0x00007fff88760000 - 0x00007fff887aa000 	C:\WINDOWS\System32\cfgmgr32.dll
0x00007fff85af0000 - 0x00007fff85aff000 	C:\Program Files\Java\jdk1.8.0_231\jre\bin\verify.dll
0x00007fff84c80000 - 0x00007fff84ca9000 	C:\Program Files\Java\jdk1.8.0_231\jre\bin\java.dll
0x00007fff839d0000 - 0x00007fff839e6000 	C:\Program Files\Java\jdk1.8.0_231\jre\bin\zip.dll
0x00007fff8a730000 - 0x00007fff8ae15000 	C:\WINDOWS\System32\SHELL32.dll
0x00007fff89ac0000 - 0x00007fff89b69000 	C:\WINDOWS\System32\shcore.dll
0x00007fff87fc0000 - 0x00007fff8873e000 	C:\WINDOWS\System32\windows.storage.dll
0x00007fff87d40000 - 0x00007fff87d5f000 	C:\WINDOWS\System32\profapi.dll
0x00007fff87da0000 - 0x00007fff87dea000 	C:\WINDOWS\System32\powrprof.dll
0x00007fff87d30000 - 0x00007fff87d40000 	C:\WINDOWS\System32\UMPDC.dll
0x00007fff89590000 - 0x00007fff895e2000 	C:\WINDOWS\System32\shlwapi.dll
0x00007fff87d60000 - 0x00007fff87d71000 	C:\WINDOWS\System32\kernel.appcore.dll
0x00007fff88740000 - 0x00007fff88757000 	C:\WINDOWS\System32\cryptsp.dll
0x00007fff84e50000 - 0x00007fff84e5a000 	C:\Shannon\Study\Selenium\apache-maven-3.6.2-bin\apache-maven-3.6.2\lib\jansi-native\windows64\jansi.dll
0x00007fff7a200000 - 0x00007fff7a21a000 	C:\Program Files\Java\jdk1.8.0_231\jre\bin\net.dll
0x00007fff875a0000 - 0x00007fff87607000 	C:\WINDOWS\system32\mswsock.dll
0x00007fff79930000 - 0x00007fff79942000 	C:\Program Files\Java\jdk1.8.0_231\jre\bin\nio.dll

VM Arguments:
jvm_args: -Dclassworlds.conf=C:\Shannon\Study\Selenium\apache-maven-3.6.2-bin\apache-maven-3.6.2\bin\..\bin\m2.conf -Dmaven.home=C:\Shannon\Study\Selenium\apache-maven-3.6.2-bin\apache-maven-3.6.2\bin\.. -Dlibrary.jansi.path=C:\Shannon\Study\Selenium\apache-maven-3.6.2-bin\apache-maven-3.6.2\bin\..\lib\jansi-native -Dmaven.multiModuleProjectDirectory=C:\Users\Shannon\ExtentReportsShannon 
java_command: org.codehaus.plexus.classworlds.launcher.Launcher eclipse:eclipse
java_class_path (initial): C:\Shannon\Study\Selenium\apache-maven-3.6.2-bin\apache-maven-3.6.2\bin\..\boot\plexus-classworlds-2.6.0.jar
Launcher Type: SUN_STANDARD

Environment Variables:
JAVA_HOME=C:\Program Files\Java\jdk1.8.0_231
CLASSPATH=C:\Shannon\Study\Selenium\apache-log4j-2.12.1-bin
PATH=C:\Python27\;C:\Python27\Scripts;C:\Program Files (x86)\Common Files\Oracle\Java\javapath;C:\Windows\system32;C:\Windows;C:\Windows\System32\Wbem;C:\Windows\System32\WindowsPowerShell\v1.0\;C:\Program Files (x86)\NVIDIA Corporation\PhysX\Common;C:\WINDOWS\system32;C:\WINDOWS;C:\WINDOWS\System32\Wbem;C:\WINDOWS\System32\WindowsPowerShell\v1.0\;C:\WINDOWS\System32\OpenSSH\;C:\Android;C:\Program Files\Java\jre1.8.0_221\bin;C:\Users\Shannon\AppData\Local\Android\Sdk\tools\bin;C:\Users\Shannon\AppData\Local\Android\Sdk\tools;C:\Shannon\Study\Selenium\apache-maven-3.6.2-bin\apache-maven-3.6.2\bin;C:\Program Files\Java\jre1.8.0_231\bin;C:\Program Files\Java\jdk1.8.0_231;C:\Program Files\Java\jdk1.8.0_231\bin;C:\Program Files\nodejs\;C:\ProgramData\chocolatey\bin;C:\Program Files\nodejs\node_modules\npm\bin;C:\Program Files\Git\cmd;C:\Program Files\MySQL\MySQL Shell 8.0\bin\;C:\Users\Shannon\AppData\Local\Microsoft\WindowsApps;C:\Users\Shannon\AppData\Roaming\npm
USERNAME=Shannon
OS=Windows_NT
PROCESSOR_IDENTIFIER=Intel64 Family 6 Model 142 Stepping 10, GenuineIntel



---------------  S Y S T E M  ---------------

OS: Windows 10.0 , 64 bit Build 18362 (10.0.18362.329)

CPU:total 8 (initial active 8) (4 cores per cpu, 2 threads per core) family 6 model 142 stepping 10, cmov, cx8, fxsr, mmx, sse, sse2, sse3, ssse3, sse4.1, sse4.2, popcnt, avx, avx2, aes, clmul, erms, 3dnowpref, lzcnt, ht, tsc, tscinvbit, bmi1, bmi2, adx

Memory: 4k page, physical 8260324k(2348192k free), swap 10210020k(6140k free)

vm_info: Java HotSpot(TM) 64-Bit Server VM (25.231-b11) for windows-amd64 JRE (1.8.0_231-b11), built on Oct  5 2019 03:11:30 by "java_re" with MS VC++ 10.0 (VS2010)

time: Tue Nov 19 12:16:36 2019
timezone: India Standard Time
elapsed time: 1 seconds (0d 0h 0m 1s)

